# JRE version: OpenJDK Runtime Environment (17.0.10) (build 17.0.10+0--11572160)
# Java VM: OpenJDK 64-Bit Server VM (17.0.10+0--11572160, mixed mode, tiered, compressed oops, compressed class ptrs, g1 gc, windows-amd64)
GC Precious Log:
 CPUs: 12 total, 12 available
 Memory: 7519M
 Large Page Support: Disabled
 NUMA Support: Disabled
 Compressed Oops: Enabled (32-bit)
 Heap Region Size: 1M
 Heap Min Capacity: 8M
 Heap Initial Capacity: 118M
 Heap Max Capacity: 1880M
 Pre-touch: Disabled
 Parallel Workers: 10
 Concurrent Workers: 3
 Concurrent Refinement Workers: 10
 Periodic GC: Disabled
Heap:
 garbage-first heap   total 238592K, used 119259K [0x000000008a800000, 0x0000000100000000)
  region size 1024K, 6 young (6144K), 6 survivors (6144K)
 Metaspace       used 70177K, committed 70528K, reserved 1114112K
  class space    used 7797K, committed 7936K, reserved 1048576K
GC Heap History (20 events):
Event: 6.153 GC heap after
{Heap after GC invocations=28 (full 0):
 garbage-first heap   total 128000K, used 76181K [0x000000008a800000, 0x0000000100000000)
  region size 1024K, 1 young (1024K), 1 survivors (1024K)
 Metaspace       used 64677K, committed 65024K, reserved 1114112K
  class space    used 7463K, committed 7616K, reserved 1048576K
}
Event: 6.911 GC heap before
{Heap before GC invocations=28 (full 0):
 garbage-first heap   total 128000K, used 102805K [0x000000008a800000, 0x0000000100000000)
  region size 1024K, 27 young (27648K), 1 survivors (1024K)
 Metaspace       used 65727K, committed 66048K, reserved 1114112K
  class space    used 7482K, committed 7616K, reserved 1048576K
}
Event: 6.918 GC heap after
{Heap after GC invocations=29 (full 0):
 garbage-first heap   total 238592K, used 78386K [0x000000008a800000, 0x0000000100000000)
  region size 1024K, 3 young (3072K), 3 survivors (3072K)
 Metaspace       used 65727K, committed 66048K, reserved 1114112K
  class space    used 7482K, committed 7616K, reserved 1048576K
}
Event: 9.069 GC heap before
{Heap before GC invocations=30 (full 0):
 garbage-first heap   total 238592K, used 180786K [0x000000008a800000, 0x0000000100000000)
  region size 1024K, 102 young (104448K), 3 survivors (3072K)
 Metaspace       used 68509K, committed 68864K, reserved 1114112K
  class space    used 7696K, committed 7872K, reserved 1048576K
}
Event: 9.084 GC heap after
{Heap after GC invocations=31 (full 0):
 garbage-first heap   total 238592K, used 88968K [0x000000008a800000, 0x0000000100000000)
  region size 1024K, 13 young (13312K), 13 survivors (13312K)
 Metaspace       used 68509K, committed 68864K, reserved 1114112K
  class space    used 7696K, committed 7872K, reserved 1048576K
}
Event: 9.103 GC heap before
{Heap before GC invocations=31 (full 0):
 garbage-first heap   total 238592K, used 89992K [0x000000008a800000, 0x0000000100000000)
  region size 1024K, 14 young (14336K), 13 survivors (13312K)
 Metaspace       used 68512K, committed 68864K, reserved 1114112K
  class space    used 7696K, committed 7872K, reserved 1048576K
}
Event: 9.111 GC heap after
{Heap after GC invocations=32 (full 0):
 garbage-first heap   total 238592K, used 90472K [0x000000008a800000, 0x0000000100000000)
  region size 1024K, 2 young (2048K), 2 survivors (2048K)
 Metaspace       used 68512K, committed 68864K, reserved 1114112K
  class space    used 7696K, committed 7872K, reserved 1048576K
}
Event: 9.132 GC heap before
{Heap before GC invocations=32 (full 0):
 garbage-first heap   total 238592K, used 91496K [0x000000008a800000, 0x0000000100000000)
  region size 1024K, 4 young (4096K), 2 survivors (2048K)
 Metaspace       used 68517K, committed 68864K, reserved 1114112K
  class space    used 7696K, committed 7872K, reserved 1048576K
}
Event: 9.134 GC heap after
{Heap after GC invocations=33 (full 0):
 garbage-first heap   total 238592K, used 89159K [0x000000008a800000, 0x0000000100000000)
  region size 1024K, 1 young (1024K), 1 survivors (1024K)
 Metaspace       used 68517K, committed 68864K, reserved 1114112K
  class space    used 7696K, committed 7872K, reserved 1048576K
}
Event: 9.386 GC heap before
{Heap before GC invocations=34 (full 0):
 garbage-first heap   total 238592K, used 179271K [0x000000008a800000, 0x0000000100000000)
  region size 1024K, 87 young (89088K), 1 survivors (1024K)
 Metaspace       used 68518K, committed 68864K, reserved 1114112K
  class space    used 7696K, committed 7872K, reserved 1048576K
}
Event: 9.393 GC heap after
{Heap after GC invocations=35 (full 0):
 garbage-first heap   total 238592K, used 98646K [0x000000008a800000, 0x0000000100000000)
  region size 1024K, 8 young (8192K), 8 survivors (8192K)
 Metaspace       used 68518K, committed 68864K, reserved 1114112K
  class space    used 7696K, committed 7872K, reserved 1048576K
}
Event: 9.396 GC heap before
{Heap before GC invocations=35 (full 0):
 garbage-first heap   total 238592K, used 101718K [0x000000008a800000, 0x0000000100000000)
  region size 1024K, 11 young (11264K), 8 survivors (8192K)
 Metaspace       used 68518K, committed 68864K, reserved 1114112K
  class space    used 7696K, committed 7872K, reserved 1048576K
}
Event: 9.401 GC heap after
{Heap after GC invocations=36 (full 0):
 garbage-first heap   total 238592K, used 99367K [0x000000008a800000, 0x0000000100000000)
  region size 1024K, 2 young (2048K), 2 survivors (2048K)
 Metaspace       used 68518K, committed 68864K, reserved 1114112K
  class space    used 7696K, committed 7872K, reserved 1048576K
}
Event: 10.887 GC heap before
{Heap before GC invocations=36 (full 0):
 garbage-first heap   total 238592K, used 184359K [0x000000008a800000, 0x0000000100000000)
  region size 1024K, 85 young (87040K), 2 survivors (2048K)
 Metaspace       used 69292K, committed 69632K, reserved 1114112K
  class space    used 7763K, committed 7936K, reserved 1048576K
}
Event: 10.898 GC heap after
{Heap after GC invocations=37 (full 0):
 garbage-first heap   total 238592K, used 107750K [0x000000008a800000, 0x0000000100000000)
  region size 1024K, 10 young (10240K), 10 survivors (10240K)
 Metaspace       used 69292K, committed 69632K, reserved 1114112K
  class space    used 7763K, committed 7936K, reserved 1048576K
}
Event: 12.084 GC heap before
{Heap before GC invocations=38 (full 0):
 garbage-first heap   total 238592K, used 188646K [0x000000008a800000, 0x0000000100000000)
  region size 1024K, 89 young (91136K), 10 survivors (10240K)
 Metaspace       used 69798K, committed 70144K, reserved 1114112K
  class space    used 7791K, committed 7936K, reserved 1048576K
}
Event: 12.100 GC heap after
{Heap after GC invocations=39 (full 0):
 garbage-first heap   total 238592K, used 113905K [0x000000008a800000, 0x0000000100000000)
  region size 1024K, 9 young (9216K), 9 survivors (9216K)
 Metaspace       used 69798K, committed 70144K, reserved 1114112K
  class space    used 7791K, committed 7936K, reserved 1048576K
}
Event: 12.128 GC heap before
{Heap before GC invocations=39 (full 0):
 garbage-first heap   total 238592K, used 115953K [0x000000008a800000, 0x0000000100000000)
  region size 1024K, 11 young (11264K), 9 survivors (9216K)
 Metaspace       used 69804K, committed 70144K, reserved 1114112K
  class space    used 7791K, committed 7936K, reserved 1048576K
}
Event: 12.135 GC heap after
{Heap after GC invocations=40 (full 0):
 garbage-first heap   total 238592K, used 114821K [0x000000008a800000, 0x0000000100000000)
  region size 1024K, 2 young (2048K), 2 survivors (2048K)
 Metaspace       used 69804K, committed 70144K, reserved 1114112K
  class space    used 7791K, committed 7936K, reserved 1048576K
}
Event: 13.237 GC heap before
{Heap before GC invocations=40 (full 0):
 garbage-first heap   total 238592K, used 190597K [0x000000008a800000, 0x0000000100000000)
  region size 1024K, 76 young (77824K), 2 survivors (2048K)
 Metaspace       used 70177K, committed 70528K, reserved 1114112K
  class space    used 7797K, committed 7936K, reserved 1048576K
}

