# JRE version: OpenJDK Runtime Environment (17.0.10) (build 17.0.10+0--11572160)
# Java VM: OpenJDK 64-Bit Server VM (17.0.10+0--11572160, mixed mode, tiered, compressed oops, compressed class ptrs, g1 gc, windows-amd64)
GC Precious Log:
 CPUs: 12 total, 12 available
 Memory: 7519M
 Large Page Support: Disabled
 NUMA Support: Disabled
 Compressed Oops: Enabled (32-bit)
 Heap Region Size: 1M
 Heap Min Capacity: 8M
 Heap Initial Capacity: 118M
 Heap Max Capacity: 1880M
 Pre-touch: Disabled
 Parallel Workers: 10
 Concurrent Workers: 3
 Concurrent Refinement Workers: 10
 Periodic GC: Disabled
Heap:
 garbage-first heap   total 413696K, used 316651K [0x000000008a800000, 0x0000000100000000)
  region size 1024K, 4 young (4096K), 4 survivors (4096K)
 Metaspace       used 103053K, committed 103488K, reserved 1179648K
  class space    used 10534K, committed 10752K, reserved 1048576K
GC Heap History (20 events):
Event: 32.741 GC heap after
{Heap after GC invocations=54 (full 0):
 garbage-first heap   total 413696K, used 276074K [0x000000008a800000, 0x0000000100000000)
  region size 1024K, 6 young (6144K), 6 survivors (6144K)
 Metaspace       used 102720K, committed 103168K, reserved 1179648K
  class space    used 10527K, committed 10752K, reserved 1048576K
}
Event: 33.130 GC heap before
{Heap before GC invocations=54 (full 0):
 garbage-first heap   total 413696K, used 353898K [0x000000008a800000, 0x0000000100000000)
  region size 1024K, 82 young (83968K), 6 survivors (6144K)
 Metaspace       used 102796K, committed 103296K, reserved 1179648K
  class space    used 10527K, committed 10752K, reserved 1048576K
}
Event: 33.136 GC heap after
{Heap after GC invocations=55 (full 0):
 garbage-first heap   total 413696K, used 280372K [0x000000008a800000, 0x0000000100000000)
  region size 1024K, 10 young (10240K), 10 survivors (10240K)
 Metaspace       used 102796K, committed 103296K, reserved 1179648K
  class space    used 10527K, committed 10752K, reserved 1048576K
}
Event: 33.240 GC heap before
{Heap before GC invocations=55 (full 0):
 garbage-first heap   total 413696K, used 355124K [0x000000008a800000, 0x0000000100000000)
  region size 1024K, 83 young (84992K), 10 survivors (10240K)
 Metaspace       used 102802K, committed 103296K, reserved 1179648K
  class space    used 10527K, committed 10752K, reserved 1048576K
}
Event: 33.263 GC heap after
{Heap after GC invocations=56 (full 0):
 garbage-first heap   total 413696K, used 286473K [0x000000008a800000, 0x0000000100000000)
  region size 1024K, 11 young (11264K), 11 survivors (11264K)
 Metaspace       used 102802K, committed 103296K, reserved 1179648K
  class space    used 10527K, committed 10752K, reserved 1048576K
}
Event: 33.546 GC heap before
{Heap before GC invocations=56 (full 0):
 garbage-first heap   total 413696K, used 353033K [0x000000008a800000, 0x0000000100000000)
  region size 1024K, 76 young (77824K), 11 survivors (11264K)
 Metaspace       used 102848K, committed 103296K, reserved 1179648K
  class space    used 10527K, committed 10752K, reserved 1048576K
}
Event: 33.555 GC heap after
{Heap after GC invocations=57 (full 0):
 garbage-first heap   total 413696K, used 289349K [0x000000008a800000, 0x0000000100000000)
  region size 1024K, 6 young (6144K), 6 survivors (6144K)
 Metaspace       used 102848K, committed 103296K, reserved 1179648K
  class space    used 10527K, committed 10752K, reserved 1048576K
}
Event: 33.844 GC heap before
{Heap before GC invocations=57 (full 0):
 garbage-first heap   total 413696K, used 353861K [0x000000008a800000, 0x0000000100000000)
  region size 1024K, 69 young (70656K), 6 survivors (6144K)
 Metaspace       used 102882K, committed 103360K, reserved 1179648K
  class space    used 10527K, committed 10752K, reserved 1048576K
}
Event: 33.849 GC heap after
{Heap after GC invocations=58 (full 0):
 garbage-first heap   total 413696K, used 293719K [0x000000008a800000, 0x0000000100000000)
  region size 1024K, 5 young (5120K), 5 survivors (5120K)
 Metaspace       used 102882K, committed 103360K, reserved 1179648K
  class space    used 10527K, committed 10752K, reserved 1048576K
}
Event: 33.980 GC heap before
{Heap before GC invocations=58 (full 0):
 garbage-first heap   total 413696K, used 355159K [0x000000008a800000, 0x0000000100000000)
  region size 1024K, 65 young (66560K), 5 survivors (5120K)
 Metaspace       used 102905K, committed 103360K, reserved 1179648K
  class space    used 10527K, committed 10752K, reserved 1048576K
}
Event: 33.986 GC heap after
{Heap after GC invocations=59 (full 0):
 garbage-first heap   total 413696K, used 301413K [0x000000008a800000, 0x0000000100000000)
  region size 1024K, 9 young (9216K), 9 survivors (9216K)
 Metaspace       used 102905K, committed 103360K, reserved 1179648K
  class space    used 10527K, committed 10752K, reserved 1048576K
}
Event: 34.197 GC heap before
{Heap before GC invocations=59 (full 0):
 garbage-first heap   total 413696K, used 353637K [0x000000008a800000, 0x0000000100000000)
  region size 1024K, 60 young (61440K), 9 survivors (9216K)
 Metaspace       used 102937K, committed 103424K, reserved 1179648K
  class space    used 10527K, committed 10752K, reserved 1048576K
}
Event: 34.202 GC heap after
{Heap after GC invocations=60 (full 0):
 garbage-first heap   total 413696K, used 304980K [0x000000008a800000, 0x0000000100000000)
  region size 1024K, 5 young (5120K), 5 survivors (5120K)
 Metaspace       used 102937K, committed 103424K, reserved 1179648K
  class space    used 10527K, committed 10752K, reserved 1048576K
}
Event: 34.345 GC heap before
{Heap before GC invocations=60 (full 0):
 garbage-first heap   total 413696K, used 354132K [0x000000008a800000, 0x0000000100000000)
  region size 1024K, 53 young (54272K), 5 survivors (5120K)
 Metaspace       used 102953K, committed 103424K, reserved 1179648K
  class space    used 10528K, committed 10752K, reserved 1048576K
}
Event: 34.350 GC heap after
{Heap after GC invocations=61 (full 0):
 garbage-first heap   total 413696K, used 309515K [0x000000008a800000, 0x0000000100000000)
  region size 1024K, 5 young (5120K), 5 survivors (5120K)
 Metaspace       used 102953K, committed 103424K, reserved 1179648K
  class space    used 10528K, committed 10752K, reserved 1048576K
}
Event: 34.505 GC heap before
{Heap before GC invocations=61 (full 0):
 garbage-first heap   total 413696K, used 355595K [0x000000008a800000, 0x0000000100000000)
  region size 1024K, 50 young (51200K), 5 survivors (5120K)
 Metaspace       used 102975K, committed 103424K, reserved 1179648K
  class space    used 10528K, committed 10752K, reserved 1048576K
}
Event: 34.510 GC heap after
{Heap after GC invocations=62 (full 0):
 garbage-first heap   total 413696K, used 313071K [0x000000008a800000, 0x0000000100000000)
  region size 1024K, 4 young (4096K), 4 survivors (4096K)
 Metaspace       used 102975K, committed 103424K, reserved 1179648K
  class space    used 10528K, committed 10752K, reserved 1048576K
}
Event: 34.616 GC heap before
{Heap before GC invocations=62 (full 0):
 garbage-first heap   total 413696K, used 357103K [0x000000008a800000, 0x0000000100000000)
  region size 1024K, 47 young (48128K), 4 survivors (4096K)
 Metaspace       used 102978K, committed 103424K, reserved 1179648K
  class space    used 10528K, committed 10752K, reserved 1048576K
}
Event: 34.620 GC heap after
{Heap after GC invocations=63 (full 0):
 garbage-first heap   total 413696K, used 316061K [0x000000008a800000, 0x0000000100000000)
  region size 1024K, 5 young (5120K), 5 survivors (5120K)
 Metaspace       used 102978K, committed 103424K, reserved 1179648K
  class space    used 10528K, committed 10752K, reserved 1048576K
}
Event: 34.729 GC heap before
{Heap before GC invocations=63 (full 0):
 garbage-first heap   total 413696K, used 357021K [0x000000008a800000, 0x0000000100000000)
  region size 1024K, 45 young (46080K), 5 survivors (5120K)
 Metaspace       used 103053K, committed 103488K, reserved 1179648K
  class space    used 10534K, committed 10752K, reserved 1048576K
}

