# JRE version: OpenJDK Runtime Environment (17.0.10) (build 17.0.10+0--11572160)
# Java VM: OpenJDK 64-Bit Server VM (17.0.10+0--11572160, mixed mode, tiered, compressed oops, compressed class ptrs, g1 gc, windows-amd64)
GC Precious Log:
 CPUs: 12 total, 12 available
 Memory: 7519M
 Large Page Support: Disabled
 NUMA Support: Disabled
 Compressed Oops: Enabled (32-bit)
 Heap Region Size: 1M
 Heap Min Capacity: 8M
 Heap Initial Capacity: 118M
 Heap Max Capacity: 2G
 Pre-touch: Disabled
 Parallel Workers: 10
 Concurrent Workers: 3
 Concurrent Refinement Workers: 10
 Periodic GC: Disabled
Heap:
 garbage-first heap   total 339968K, used 182029K [0x0000000080000000, 0x0000000100000000)
  region size 1024K, 2 young (2048K), 2 survivors (2048K)
 Metaspace       used 129965K, committed 130880K, reserved 1179648K
  class space    used 17416K, committed 17856K, reserved 1048576K
GC Heap History (20 events):
Event: 19.312 GC heap after
{Heap after GC invocations=51 (full 0):
 garbage-first heap   total 321536K, used 181108K [0x0000000080000000, 0x0000000100000000)
  region size 1024K, 9 young (9216K), 9 survivors (9216K)
 Metaspace       used 118999K, committed 119808K, reserved 1179648K
  class space    used 16256K, committed 16640K, reserved 1048576K
}
Event: 135.406 GC heap before
{Heap before GC invocations=52 (full 0):
 garbage-first heap   total 339968K, used 286580K [0x0000000080000000, 0x0000000100000000)
  region size 1024K, 95 young (97280K), 9 survivors (9216K)
 Metaspace       used 123490K, committed 124352K, reserved 1179648K
  class space    used 16648K, committed 17088K, reserved 1048576K
}
Event: 135.417 GC heap after
{Heap after GC invocations=53 (full 0):
 garbage-first heap   total 339968K, used 154998K [0x0000000080000000, 0x0000000100000000)
  region size 1024K, 10 young (10240K), 10 survivors (10240K)
 Metaspace       used 123490K, committed 124352K, reserved 1179648K
  class space    used 16648K, committed 17088K, reserved 1048576K
}
Event: 135.498 GC heap before
{Heap before GC invocations=53 (full 0):
 garbage-first heap   total 339968K, used 160118K [0x0000000080000000, 0x0000000100000000)
  region size 1024K, 16 young (16384K), 10 survivors (10240K)
 Metaspace       used 123494K, committed 124352K, reserved 1179648K
  class space    used 16648K, committed 17088K, reserved 1048576K
}
Event: 135.505 GC heap after
{Heap after GC invocations=54 (full 0):
 garbage-first heap   total 339968K, used 153945K [0x0000000080000000, 0x0000000100000000)
  region size 1024K, 2 young (2048K), 2 survivors (2048K)
 Metaspace       used 123494K, committed 124352K, reserved 1179648K
  class space    used 16648K, committed 17088K, reserved 1048576K
}
Event: 137.936 GC heap before
{Heap before GC invocations=54 (full 0):
 garbage-first heap   total 339968K, used 278873K [0x0000000080000000, 0x0000000100000000)
  region size 1024K, 125 young (128000K), 2 survivors (2048K)
 Metaspace       used 126816K, committed 127680K, reserved 1179648K
  class space    used 17044K, committed 17472K, reserved 1048576K
}
Event: 137.944 GC heap after
{Heap after GC invocations=55 (full 0):
 garbage-first heap   total 339968K, used 162272K [0x0000000080000000, 0x0000000100000000)
  region size 1024K, 10 young (10240K), 10 survivors (10240K)
 Metaspace       used 126816K, committed 127680K, reserved 1179648K
  class space    used 17044K, committed 17472K, reserved 1048576K
}
Event: 143.624 GC heap before
{Heap before GC invocations=55 (full 0):
 garbage-first heap   total 339968K, used 280032K [0x0000000080000000, 0x0000000100000000)
  region size 1024K, 126 young (129024K), 10 survivors (10240K)
 Metaspace       used 128803K, committed 129792K, reserved 1179648K
  class space    used 17331K, committed 17792K, reserved 1048576K
}
Event: 143.641 GC heap after
{Heap after GC invocations=56 (full 0):
 garbage-first heap   total 339968K, used 171657K [0x0000000080000000, 0x0000000100000000)
  region size 1024K, 10 young (10240K), 10 survivors (10240K)
 Metaspace       used 128803K, committed 129792K, reserved 1179648K
  class space    used 17331K, committed 17792K, reserved 1048576K
}
Event: 144.312 GC heap before
{Heap before GC invocations=57 (full 0):
 garbage-first heap   total 339968K, used 280201K [0x0000000080000000, 0x0000000100000000)
  region size 1024K, 117 young (119808K), 10 survivors (10240K)
 Metaspace       used 129313K, committed 130240K, reserved 1179648K
  class space    used 17404K, committed 17856K, reserved 1048576K
}
Event: 144.325 GC heap after
{Heap after GC invocations=58 (full 0):
 garbage-first heap   total 339968K, used 184747K [0x0000000080000000, 0x0000000100000000)
  region size 1024K, 15 young (15360K), 15 survivors (15360K)
 Metaspace       used 129313K, committed 130240K, reserved 1179648K
  class space    used 17404K, committed 17856K, reserved 1048576K
}
Event: 144.329 GC heap before
{Heap before GC invocations=58 (full 0):
 garbage-first heap   total 339968K, used 185771K [0x0000000080000000, 0x0000000100000000)
  region size 1024K, 16 young (16384K), 15 survivors (15360K)
 Metaspace       used 129313K, committed 130240K, reserved 1179648K
  class space    used 17404K, committed 17856K, reserved 1048576K
}
Event: 144.344 GC heap after
{Heap after GC invocations=59 (full 0):
 garbage-first heap   total 339968K, used 168215K [0x0000000080000000, 0x0000000100000000)
  region size 1024K, 1 young (1024K), 1 survivors (1024K)
 Metaspace       used 129313K, committed 130240K, reserved 1179648K
  class space    used 17404K, committed 17856K, reserved 1048576K
}
Event: 144.663 GC heap before
{Heap before GC invocations=59 (full 0):
 garbage-first heap   total 339968K, used 249111K [0x0000000080000000, 0x0000000100000000)
  region size 1024K, 82 young (83968K), 1 survivors (1024K)
 Metaspace       used 129355K, committed 130304K, reserved 1179648K
  class space    used 17406K, committed 17856K, reserved 1048576K
}
Event: 144.669 GC heap after
{Heap after GC invocations=60 (full 0):
 garbage-first heap   total 339968K, used 174907K [0x0000000080000000, 0x0000000100000000)
  region size 1024K, 8 young (8192K), 8 survivors (8192K)
 Metaspace       used 129355K, committed 130304K, reserved 1179648K
  class space    used 17406K, committed 17856K, reserved 1048576K
}
Event: 144.960 GC heap before
{Heap before GC invocations=61 (full 0):
 garbage-first heap   total 339968K, used 280379K [0x0000000080000000, 0x0000000100000000)
  region size 1024K, 108 young (110592K), 8 survivors (8192K)
 Metaspace       used 129496K, committed 130432K, reserved 1179648K
  class space    used 17411K, committed 17856K, reserved 1048576K
}
Event: 144.966 GC heap after
{Heap after GC invocations=62 (full 0):
 garbage-first heap   total 339968K, used 183849K [0x0000000080000000, 0x0000000100000000)
  region size 1024K, 12 young (12288K), 12 survivors (12288K)
 Metaspace       used 129496K, committed 130432K, reserved 1179648K
  class space    used 17411K, committed 17856K, reserved 1048576K
}
Event: 144.991 GC heap before
{Heap before GC invocations=62 (full 0):
 garbage-first heap   total 339968K, used 187945K [0x0000000080000000, 0x0000000100000000)
  region size 1024K, 16 young (16384K), 12 survivors (12288K)
 Metaspace       used 129550K, committed 130432K, reserved 1179648K
  class space    used 17411K, committed 17856K, reserved 1048576K
}
Event: 145.003 GC heap after
{Heap after GC invocations=63 (full 0):
 garbage-first heap   total 339968K, used 181615K [0x0000000080000000, 0x0000000100000000)
  region size 1024K, 2 young (2048K), 2 survivors (2048K)
 Metaspace       used 129550K, committed 130432K, reserved 1179648K
  class space    used 17411K, committed 17856K, reserved 1048576K
}
Event: 145.478 GC heap before
{Heap before GC invocations=63 (full 0):
 garbage-first heap   total 339968K, used 279919K [0x0000000080000000, 0x0000000100000000)
  region size 1024K, 99 young (101376K), 2 survivors (2048K)
 Metaspace       used 129965K, committed 130880K, reserved 1179648K
  class space    used 17416K, committed 17856K, reserved 1048576K
}

